distributed.nanny - INFO -         Start Nanny at: 'tcp://10.255.34.180:37117'
distributed.nanny - INFO -         Start Nanny at: 'tcp://10.255.34.180:37129'
distributed.worker - INFO -       Start worker at:  tcp://10.255.34.180:34051
distributed.worker - INFO -          Listening to:  tcp://10.255.34.180:34051
distributed.worker - INFO -          dashboard at:        10.255.34.180:36369
distributed.worker - INFO - Waiting to connect to:   tcp://10.255.32.50:37411
distributed.worker - INFO - -------------------------------------------------
distributed.worker - INFO -       Start worker at:  tcp://10.255.34.180:35250
distributed.worker - INFO -          Listening to:  tcp://10.255.34.180:35250
distributed.worker - INFO -          dashboard at:        10.255.34.180:36384
distributed.worker - INFO - Waiting to connect to:   tcp://10.255.32.50:37411
distributed.worker - INFO -               Threads:                          1
distributed.worker - INFO - -------------------------------------------------
distributed.worker - INFO -                Memory:                  384.00 GB
distributed.worker - INFO -       Local Directory: /scratch/dask-worker-space/worker-5ns5ukpq
distributed.worker - INFO -               Threads:                          1
distributed.worker - INFO - -------------------------------------------------
distributed.worker - INFO -                Memory:                  384.00 GB
distributed.worker - INFO -       Local Directory: /scratch/dask-worker-space/worker-wqstixee
distributed.worker - INFO - -------------------------------------------------
distributed.worker - INFO - Waiting to connect to:   tcp://10.255.32.50:37411
distributed.worker - INFO - Waiting to connect to:   tcp://10.255.32.50:37411
Task exception was never retrieved
future: <Task finished coro=<connect.<locals>._() done, defined at /gpfs/exfel/data/scratch/roscar/work/midtools/midtools/.venv/lib64/python3.6/site-packages/distributed/comm/core.py:279> exception=CommClosedError()>
Traceback (most recent call last):
  File "/gpfs/exfel/data/scratch/roscar/work/midtools/midtools/.venv/lib64/python3.6/site-packages/distributed/comm/core.py", line 288, in _
    handshake = await asyncio.wait_for(comm.read(), 1)
  File "/usr/lib64/python3.6/asyncio/tasks.py", line 351, in wait_for
    yield from waiter
concurrent.futures._base.CancelledError

During handling of the above exception, another exception occurred:

Traceback (most recent call last):
  File "/gpfs/exfel/data/scratch/roscar/work/midtools/midtools/.venv/lib64/python3.6/site-packages/distributed/comm/core.py", line 295, in _
    raise CommClosedError()
distributed.comm.core.CommClosedError
Task exception was never retrieved
future: <Task finished coro=<connect.<locals>._() done, defined at /gpfs/exfel/data/scratch/roscar/work/midtools/midtools/.venv/lib64/python3.6/site-packages/distributed/comm/core.py:279> exception=CommClosedError()>
Traceback (most recent call last):
  File "/gpfs/exfel/data/scratch/roscar/work/midtools/midtools/.venv/lib64/python3.6/site-packages/distributed/comm/core.py", line 288, in _
    handshake = await asyncio.wait_for(comm.read(), 1)
  File "/usr/lib64/python3.6/asyncio/tasks.py", line 351, in wait_for
    yield from waiter
concurrent.futures._base.CancelledError

During handling of the above exception, another exception occurred:

Traceback (most recent call last):
  File "/gpfs/exfel/data/scratch/roscar/work/midtools/midtools/.venv/lib64/python3.6/site-packages/distributed/comm/core.py", line 295, in _
    raise CommClosedError()
distributed.comm.core.CommClosedError
distributed.worker - INFO - Waiting to connect to:   tcp://10.255.32.50:37411
distributed.worker - INFO - Waiting to connect to:   tcp://10.255.32.50:37411
Task exception was never retrieved
future: <Task finished coro=<connect.<locals>._() done, defined at /gpfs/exfel/data/scratch/roscar/work/midtools/midtools/.venv/lib64/python3.6/site-packages/distributed/comm/core.py:279> exception=CommClosedError()>
Traceback (most recent call last):
  File "/gpfs/exfel/data/scratch/roscar/work/midtools/midtools/.venv/lib64/python3.6/site-packages/distributed/comm/core.py", line 288, in _
    handshake = await asyncio.wait_for(comm.read(), 1)
  File "/usr/lib64/python3.6/asyncio/tasks.py", line 351, in wait_for
    yield from waiter
concurrent.futures._base.CancelledError

During handling of the above exception, another exception occurred:

Traceback (most recent call last):
  File "/gpfs/exfel/data/scratch/roscar/work/midtools/midtools/.venv/lib64/python3.6/site-packages/distributed/comm/core.py", line 295, in _
    raise CommClosedError()
distributed.comm.core.CommClosedError
Task exception was never retrieved
future: <Task finished coro=<connect.<locals>._() done, defined at /gpfs/exfel/data/scratch/roscar/work/midtools/midtools/.venv/lib64/python3.6/site-packages/distributed/comm/core.py:279> exception=CommClosedError()>
Traceback (most recent call last):
  File "/gpfs/exfel/data/scratch/roscar/work/midtools/midtools/.venv/lib64/python3.6/site-packages/distributed/comm/core.py", line 288, in _
    handshake = await asyncio.wait_for(comm.read(), 1)
  File "/usr/lib64/python3.6/asyncio/tasks.py", line 351, in wait_for
    yield from waiter
concurrent.futures._base.CancelledError

During handling of the above exception, another exception occurred:

Traceback (most recent call last):
  File "/gpfs/exfel/data/scratch/roscar/work/midtools/midtools/.venv/lib64/python3.6/site-packages/distributed/comm/core.py", line 295, in _
    raise CommClosedError()
distributed.comm.core.CommClosedError
distributed.worker - INFO - Waiting to connect to:   tcp://10.255.32.50:37411
distributed.worker - INFO - Waiting to connect to:   tcp://10.255.32.50:37411
Task exception was never retrieved
future: <Task finished coro=<connect.<locals>._() done, defined at /gpfs/exfel/data/scratch/roscar/work/midtools/midtools/.venv/lib64/python3.6/site-packages/distributed/comm/core.py:279> exception=CommClosedError()>
Traceback (most recent call last):
  File "/gpfs/exfel/data/scratch/roscar/work/midtools/midtools/.venv/lib64/python3.6/site-packages/distributed/comm/core.py", line 288, in _
    handshake = await asyncio.wait_for(comm.read(), 1)
  File "/usr/lib64/python3.6/asyncio/tasks.py", line 351, in wait_for
    yield from waiter
concurrent.futures._base.CancelledError

During handling of the above exception, another exception occurred:

Traceback (most recent call last):
  File "/gpfs/exfel/data/scratch/roscar/work/midtools/midtools/.venv/lib64/python3.6/site-packages/distributed/comm/core.py", line 295, in _
    raise CommClosedError()
distributed.comm.core.CommClosedError
Task exception was never retrieved
future: <Task finished coro=<connect.<locals>._() done, defined at /gpfs/exfel/data/scratch/roscar/work/midtools/midtools/.venv/lib64/python3.6/site-packages/distributed/comm/core.py:279> exception=CommClosedError()>
Traceback (most recent call last):
  File "/gpfs/exfel/data/scratch/roscar/work/midtools/midtools/.venv/lib64/python3.6/site-packages/distributed/comm/core.py", line 288, in _
    handshake = await asyncio.wait_for(comm.read(), 1)
  File "/usr/lib64/python3.6/asyncio/tasks.py", line 351, in wait_for
    yield from waiter
concurrent.futures._base.CancelledError

During handling of the above exception, another exception occurred:

Traceback (most recent call last):
  File "/gpfs/exfel/data/scratch/roscar/work/midtools/midtools/.venv/lib64/python3.6/site-packages/distributed/comm/core.py", line 295, in _
    raise CommClosedError()
distributed.comm.core.CommClosedError
distributed.worker - INFO - Waiting to connect to:   tcp://10.255.32.50:37411
distributed.worker - INFO - Waiting to connect to:   tcp://10.255.32.50:37411
Task exception was never retrieved
future: <Task finished coro=<connect.<locals>._() done, defined at /gpfs/exfel/data/scratch/roscar/work/midtools/midtools/.venv/lib64/python3.6/site-packages/distributed/comm/core.py:279> exception=CommClosedError()>
Traceback (most recent call last):
  File "/gpfs/exfel/data/scratch/roscar/work/midtools/midtools/.venv/lib64/python3.6/site-packages/distributed/comm/core.py", line 288, in _
    handshake = await asyncio.wait_for(comm.read(), 1)
  File "/usr/lib64/python3.6/asyncio/tasks.py", line 351, in wait_for
    yield from waiter
concurrent.futures._base.CancelledError

During handling of the above exception, another exception occurred:

Traceback (most recent call last):
  File "/gpfs/exfel/data/scratch/roscar/work/midtools/midtools/.venv/lib64/python3.6/site-packages/distributed/comm/core.py", line 295, in _
    raise CommClosedError()
distributed.comm.core.CommClosedError
Task exception was never retrieved
future: <Task finished coro=<connect.<locals>._() done, defined at /gpfs/exfel/data/scratch/roscar/work/midtools/midtools/.venv/lib64/python3.6/site-packages/distributed/comm/core.py:279> exception=CommClosedError()>
Traceback (most recent call last):
  File "/gpfs/exfel/data/scratch/roscar/work/midtools/midtools/.venv/lib64/python3.6/site-packages/distributed/comm/core.py", line 288, in _
    handshake = await asyncio.wait_for(comm.read(), 1)
  File "/usr/lib64/python3.6/asyncio/tasks.py", line 351, in wait_for
    yield from waiter
concurrent.futures._base.CancelledError

During handling of the above exception, another exception occurred:

Traceback (most recent call last):
  File "/gpfs/exfel/data/scratch/roscar/work/midtools/midtools/.venv/lib64/python3.6/site-packages/distributed/comm/core.py", line 295, in _
    raise CommClosedError()
distributed.comm.core.CommClosedError
distributed.worker - INFO - Waiting to connect to:   tcp://10.255.32.50:37411
distributed.worker - INFO - Waiting to connect to:   tcp://10.255.32.50:37411
Task exception was never retrieved
future: <Task finished coro=<connect.<locals>._() done, defined at /gpfs/exfel/data/scratch/roscar/work/midtools/midtools/.venv/lib64/python3.6/site-packages/distributed/comm/core.py:279> exception=CommClosedError()>
Traceback (most recent call last):
  File "/gpfs/exfel/data/scratch/roscar/work/midtools/midtools/.venv/lib64/python3.6/site-packages/distributed/comm/core.py", line 288, in _
    handshake = await asyncio.wait_for(comm.read(), 1)
  File "/usr/lib64/python3.6/asyncio/tasks.py", line 351, in wait_for
    yield from waiter
concurrent.futures._base.CancelledError

During handling of the above exception, another exception occurred:

Traceback (most recent call last):
  File "/gpfs/exfel/data/scratch/roscar/work/midtools/midtools/.venv/lib64/python3.6/site-packages/distributed/comm/core.py", line 295, in _
    raise CommClosedError()
distributed.comm.core.CommClosedError
Task exception was never retrieved
future: <Task finished coro=<connect.<locals>._() done, defined at /gpfs/exfel/data/scratch/roscar/work/midtools/midtools/.venv/lib64/python3.6/site-packages/distributed/comm/core.py:279> exception=CommClosedError()>
Traceback (most recent call last):
  File "/gpfs/exfel/data/scratch/roscar/work/midtools/midtools/.venv/lib64/python3.6/site-packages/distributed/comm/core.py", line 288, in _
    handshake = await asyncio.wait_for(comm.read(), 1)
  File "/usr/lib64/python3.6/asyncio/tasks.py", line 351, in wait_for
    yield from waiter
concurrent.futures._base.CancelledError

During handling of the above exception, another exception occurred:

Traceback (most recent call last):
  File "/gpfs/exfel/data/scratch/roscar/work/midtools/midtools/.venv/lib64/python3.6/site-packages/distributed/comm/core.py", line 295, in _
    raise CommClosedError()
distributed.comm.core.CommClosedError
distributed.worker - INFO - Waiting to connect to:   tcp://10.255.32.50:37411
Task exception was never retrieved
future: <Task finished coro=<connect.<locals>._() done, defined at /gpfs/exfel/data/scratch/roscar/work/midtools/midtools/.venv/lib64/python3.6/site-packages/distributed/comm/core.py:279> exception=CommClosedError()>
Traceback (most recent call last):
  File "/gpfs/exfel/data/scratch/roscar/work/midtools/midtools/.venv/lib64/python3.6/site-packages/distributed/comm/core.py", line 288, in _
    handshake = await asyncio.wait_for(comm.read(), 1)
  File "/usr/lib64/python3.6/asyncio/tasks.py", line 351, in wait_for
    yield from waiter
concurrent.futures._base.CancelledError

During handling of the above exception, another exception occurred:

Traceback (most recent call last):
  File "/gpfs/exfel/data/scratch/roscar/work/midtools/midtools/.venv/lib64/python3.6/site-packages/distributed/comm/core.py", line 295, in _
    raise CommClosedError()
distributed.comm.core.CommClosedError
distributed.worker - INFO - Waiting to connect to:   tcp://10.255.32.50:37411
Task exception was never retrieved
future: <Task finished coro=<connect.<locals>._() done, defined at /gpfs/exfel/data/scratch/roscar/work/midtools/midtools/.venv/lib64/python3.6/site-packages/distributed/comm/core.py:279> exception=CommClosedError()>
Traceback (most recent call last):
  File "/gpfs/exfel/data/scratch/roscar/work/midtools/midtools/.venv/lib64/python3.6/site-packages/distributed/comm/core.py", line 288, in _
    handshake = await asyncio.wait_for(comm.read(), 1)
  File "/usr/lib64/python3.6/asyncio/tasks.py", line 351, in wait_for
    yield from waiter
concurrent.futures._base.CancelledError

During handling of the above exception, another exception occurred:

Traceback (most recent call last):
  File "/gpfs/exfel/data/scratch/roscar/work/midtools/midtools/.venv/lib64/python3.6/site-packages/distributed/comm/core.py", line 295, in _
    raise CommClosedError()
distributed.comm.core.CommClosedError
distributed.worker - INFO - Waiting to connect to:   tcp://10.255.32.50:37411
Task exception was never retrieved
future: <Task finished coro=<connect.<locals>._() done, defined at /gpfs/exfel/data/scratch/roscar/work/midtools/midtools/.venv/lib64/python3.6/site-packages/distributed/comm/core.py:279> exception=CommClosedError()>
Traceback (most recent call last):
  File "/gpfs/exfel/data/scratch/roscar/work/midtools/midtools/.venv/lib64/python3.6/site-packages/distributed/comm/core.py", line 288, in _
    handshake = await asyncio.wait_for(comm.read(), 1)
  File "/usr/lib64/python3.6/asyncio/tasks.py", line 351, in wait_for
    yield from waiter
concurrent.futures._base.CancelledError

During handling of the above exception, another exception occurred:

Traceback (most recent call last):
  File "/gpfs/exfel/data/scratch/roscar/work/midtools/midtools/.venv/lib64/python3.6/site-packages/distributed/comm/core.py", line 295, in _
    raise CommClosedError()
distributed.comm.core.CommClosedError
distributed.worker - INFO - Waiting to connect to:   tcp://10.255.32.50:37411
Task exception was never retrieved
future: <Task finished coro=<connect.<locals>._() done, defined at /gpfs/exfel/data/scratch/roscar/work/midtools/midtools/.venv/lib64/python3.6/site-packages/distributed/comm/core.py:279> exception=CommClosedError()>
Traceback (most recent call last):
  File "/gpfs/exfel/data/scratch/roscar/work/midtools/midtools/.venv/lib64/python3.6/site-packages/distributed/comm/core.py", line 288, in _
    handshake = await asyncio.wait_for(comm.read(), 1)
  File "/usr/lib64/python3.6/asyncio/tasks.py", line 351, in wait_for
    yield from waiter
concurrent.futures._base.CancelledError

During handling of the above exception, another exception occurred:

Traceback (most recent call last):
  File "/gpfs/exfel/data/scratch/roscar/work/midtools/midtools/.venv/lib64/python3.6/site-packages/distributed/comm/core.py", line 295, in _
    raise CommClosedError()
distributed.comm.core.CommClosedError
distributed.worker - INFO - Waiting to connect to:   tcp://10.255.32.50:37411
Task exception was never retrieved
future: <Task finished coro=<connect.<locals>._() done, defined at /gpfs/exfel/data/scratch/roscar/work/midtools/midtools/.venv/lib64/python3.6/site-packages/distributed/comm/core.py:279> exception=CommClosedError()>
Traceback (most recent call last):
  File "/gpfs/exfel/data/scratch/roscar/work/midtools/midtools/.venv/lib64/python3.6/site-packages/distributed/comm/core.py", line 288, in _
    handshake = await asyncio.wait_for(comm.read(), 1)
  File "/usr/lib64/python3.6/asyncio/tasks.py", line 351, in wait_for
    yield from waiter
concurrent.futures._base.CancelledError

During handling of the above exception, another exception occurred:

Traceback (most recent call last):
  File "/gpfs/exfel/data/scratch/roscar/work/midtools/midtools/.venv/lib64/python3.6/site-packages/distributed/comm/core.py", line 295, in _
    raise CommClosedError()
distributed.comm.core.CommClosedError
distributed.worker - INFO - Waiting to connect to:   tcp://10.255.32.50:37411
Task exception was never retrieved
future: <Task finished coro=<connect.<locals>._() done, defined at /gpfs/exfel/data/scratch/roscar/work/midtools/midtools/.venv/lib64/python3.6/site-packages/distributed/comm/core.py:279> exception=CommClosedError()>
Traceback (most recent call last):
  File "/gpfs/exfel/data/scratch/roscar/work/midtools/midtools/.venv/lib64/python3.6/site-packages/distributed/comm/core.py", line 288, in _
    handshake = await asyncio.wait_for(comm.read(), 1)
  File "/usr/lib64/python3.6/asyncio/tasks.py", line 351, in wait_for
    yield from waiter
concurrent.futures._base.CancelledError

During handling of the above exception, another exception occurred:

Traceback (most recent call last):
  File "/gpfs/exfel/data/scratch/roscar/work/midtools/midtools/.venv/lib64/python3.6/site-packages/distributed/comm/core.py", line 295, in _
    raise CommClosedError()
distributed.comm.core.CommClosedError
distributed.worker - INFO - Waiting to connect to:   tcp://10.255.32.50:37411
Task exception was never retrieved
future: <Task finished coro=<connect.<locals>._() done, defined at /gpfs/exfel/data/scratch/roscar/work/midtools/midtools/.venv/lib64/python3.6/site-packages/distributed/comm/core.py:279> exception=CommClosedError()>
Traceback (most recent call last):
  File "/gpfs/exfel/data/scratch/roscar/work/midtools/midtools/.venv/lib64/python3.6/site-packages/distributed/comm/core.py", line 288, in _
    handshake = await asyncio.wait_for(comm.read(), 1)
  File "/usr/lib64/python3.6/asyncio/tasks.py", line 351, in wait_for
    yield from waiter
concurrent.futures._base.CancelledError

During handling of the above exception, another exception occurred:

Traceback (most recent call last):
  File "/gpfs/exfel/data/scratch/roscar/work/midtools/midtools/.venv/lib64/python3.6/site-packages/distributed/comm/core.py", line 295, in _
    raise CommClosedError()
distributed.comm.core.CommClosedError
distributed.worker - INFO - Waiting to connect to:   tcp://10.255.32.50:37411
Task exception was never retrieved
future: <Task finished coro=<connect.<locals>._() done, defined at /gpfs/exfel/data/scratch/roscar/work/midtools/midtools/.venv/lib64/python3.6/site-packages/distributed/comm/core.py:279> exception=CommClosedError()>
Traceback (most recent call last):
  File "/gpfs/exfel/data/scratch/roscar/work/midtools/midtools/.venv/lib64/python3.6/site-packages/distributed/comm/core.py", line 288, in _
    handshake = await asyncio.wait_for(comm.read(), 1)
  File "/usr/lib64/python3.6/asyncio/tasks.py", line 351, in wait_for
    yield from waiter
concurrent.futures._base.CancelledError

During handling of the above exception, another exception occurred:

Traceback (most recent call last):
  File "/gpfs/exfel/data/scratch/roscar/work/midtools/midtools/.venv/lib64/python3.6/site-packages/distributed/comm/core.py", line 295, in _
    raise CommClosedError()
distributed.comm.core.CommClosedError
distributed.worker - INFO - Waiting to connect to:   tcp://10.255.32.50:37411
Task exception was never retrieved
future: <Task finished coro=<connect.<locals>._() done, defined at /gpfs/exfel/data/scratch/roscar/work/midtools/midtools/.venv/lib64/python3.6/site-packages/distributed/comm/core.py:279> exception=CommClosedError()>
Traceback (most recent call last):
  File "/gpfs/exfel/data/scratch/roscar/work/midtools/midtools/.venv/lib64/python3.6/site-packages/distributed/comm/core.py", line 288, in _
    handshake = await asyncio.wait_for(comm.read(), 1)
  File "/usr/lib64/python3.6/asyncio/tasks.py", line 351, in wait_for
    yield from waiter
concurrent.futures._base.CancelledError

During handling of the above exception, another exception occurred:

Traceback (most recent call last):
  File "/gpfs/exfel/data/scratch/roscar/work/midtools/midtools/.venv/lib64/python3.6/site-packages/distributed/comm/core.py", line 295, in _
    raise CommClosedError()
distributed.comm.core.CommClosedError
distributed.worker - INFO - Waiting to connect to:   tcp://10.255.32.50:37411
Task exception was never retrieved
future: <Task finished coro=<connect.<locals>._() done, defined at /gpfs/exfel/data/scratch/roscar/work/midtools/midtools/.venv/lib64/python3.6/site-packages/distributed/comm/core.py:279> exception=CommClosedError()>
Traceback (most recent call last):
  File "/gpfs/exfel/data/scratch/roscar/work/midtools/midtools/.venv/lib64/python3.6/site-packages/distributed/comm/core.py", line 288, in _
    handshake = await asyncio.wait_for(comm.read(), 1)
  File "/usr/lib64/python3.6/asyncio/tasks.py", line 351, in wait_for
    yield from waiter
concurrent.futures._base.CancelledError

During handling of the above exception, another exception occurred:

Traceback (most recent call last):
  File "/gpfs/exfel/data/scratch/roscar/work/midtools/midtools/.venv/lib64/python3.6/site-packages/distributed/comm/core.py", line 295, in _
    raise CommClosedError()
distributed.comm.core.CommClosedError
distributed.worker - INFO - Waiting to connect to:   tcp://10.255.32.50:37411
Task exception was never retrieved
future: <Task finished coro=<connect.<locals>._() done, defined at /gpfs/exfel/data/scratch/roscar/work/midtools/midtools/.venv/lib64/python3.6/site-packages/distributed/comm/core.py:279> exception=CommClosedError()>
Traceback (most recent call last):
  File "/gpfs/exfel/data/scratch/roscar/work/midtools/midtools/.venv/lib64/python3.6/site-packages/distributed/comm/core.py", line 288, in _
    handshake = await asyncio.wait_for(comm.read(), 1)
  File "/usr/lib64/python3.6/asyncio/tasks.py", line 351, in wait_for
    yield from waiter
concurrent.futures._base.CancelledError

During handling of the above exception, another exception occurred:

Traceback (most recent call last):
  File "/gpfs/exfel/data/scratch/roscar/work/midtools/midtools/.venv/lib64/python3.6/site-packages/distributed/comm/core.py", line 295, in _
    raise CommClosedError()
distributed.comm.core.CommClosedError
distributed.worker - INFO - Waiting to connect to:   tcp://10.255.32.50:37411
Task exception was never retrieved
future: <Task finished coro=<connect.<locals>._() done, defined at /gpfs/exfel/data/scratch/roscar/work/midtools/midtools/.venv/lib64/python3.6/site-packages/distributed/comm/core.py:279> exception=CommClosedError()>
Traceback (most recent call last):
  File "/gpfs/exfel/data/scratch/roscar/work/midtools/midtools/.venv/lib64/python3.6/site-packages/distributed/comm/core.py", line 288, in _
    handshake = await asyncio.wait_for(comm.read(), 1)
  File "/usr/lib64/python3.6/asyncio/tasks.py", line 351, in wait_for
    yield from waiter
concurrent.futures._base.CancelledError

During handling of the above exception, another exception occurred:

Traceback (most recent call last):
  File "/gpfs/exfel/data/scratch/roscar/work/midtools/midtools/.venv/lib64/python3.6/site-packages/distributed/comm/core.py", line 295, in _
    raise CommClosedError()
distributed.comm.core.CommClosedError
distributed.worker - INFO -         Registered to:   tcp://10.255.32.50:37411
distributed.worker - INFO - -------------------------------------------------
distributed.core - INFO - Starting established connection
distributed.worker - INFO -         Registered to:   tcp://10.255.32.50:37411
distributed.worker - INFO - -------------------------------------------------
distributed.core - INFO - Starting established connection
Task exception was never retrieved
future: <Task finished coro=<connect.<locals>._() done, defined at /gpfs/exfel/data/scratch/roscar/work/midtools/midtools/.venv/lib64/python3.6/site-packages/distributed/comm/core.py:279> exception=CommClosedError()>
Traceback (most recent call last):
  File "/gpfs/exfel/data/scratch/roscar/work/midtools/midtools/.venv/lib64/python3.6/site-packages/distributed/comm/core.py", line 288, in _
    handshake = await asyncio.wait_for(comm.read(), 1)
  File "/usr/lib64/python3.6/asyncio/tasks.py", line 351, in wait_for
    yield from waiter
concurrent.futures._base.CancelledError

During handling of the above exception, another exception occurred:

Traceback (most recent call last):
  File "/gpfs/exfel/data/scratch/roscar/work/midtools/midtools/.venv/lib64/python3.6/site-packages/distributed/comm/core.py", line 295, in _
    raise CommClosedError()
distributed.comm.core.CommClosedError
Task exception was never retrieved
future: <Task finished coro=<connect.<locals>._() done, defined at /gpfs/exfel/data/scratch/roscar/work/midtools/midtools/.venv/lib64/python3.6/site-packages/distributed/comm/core.py:279> exception=CommClosedError()>
Traceback (most recent call last):
  File "/gpfs/exfel/data/scratch/roscar/work/midtools/midtools/.venv/lib64/python3.6/site-packages/distributed/comm/core.py", line 288, in _
    handshake = await asyncio.wait_for(comm.read(), 1)
  File "/usr/lib64/python3.6/asyncio/tasks.py", line 351, in wait_for
    yield from waiter
concurrent.futures._base.CancelledError

During handling of the above exception, another exception occurred:

Traceback (most recent call last):
  File "/gpfs/exfel/data/scratch/roscar/work/midtools/midtools/.venv/lib64/python3.6/site-packages/distributed/comm/core.py", line 295, in _
    raise CommClosedError()
distributed.comm.core.CommClosedError
distributed.worker - INFO - Stopping worker at tcp://10.255.34.180:35250
distributed.worker - INFO - Stopping worker at tcp://10.255.34.180:34051
distributed.nanny - INFO - Worker closed
distributed.nanny - WARNING - Restarting worker
distributed.nanny - WARNING - Restarting worker
distributed.worker - INFO -       Start worker at:  tcp://10.255.34.180:34163
distributed.worker - INFO -          Listening to:  tcp://10.255.34.180:34163
distributed.worker - INFO -          dashboard at:        10.255.34.180:33646
distributed.worker - INFO -       Start worker at:  tcp://10.255.34.180:33588
distributed.worker - INFO - Waiting to connect to:   tcp://10.255.32.50:37411
distributed.worker - INFO - -------------------------------------------------
distributed.worker - INFO -          Listening to:  tcp://10.255.34.180:33588
distributed.worker - INFO -          dashboard at:        10.255.34.180:41216
distributed.worker - INFO - Waiting to connect to:   tcp://10.255.32.50:37411
distributed.worker - INFO - -------------------------------------------------
distributed.worker - INFO -               Threads:                          1
distributed.worker - INFO -                Memory:                  384.00 GB
distributed.worker - INFO -       Local Directory: /scratch/dask-worker-space/worker-xragkvvx
distributed.worker - INFO -               Threads:                          1
distributed.worker - INFO - -------------------------------------------------
distributed.worker - INFO -                Memory:                  384.00 GB
distributed.worker - INFO -       Local Directory: /scratch/dask-worker-space/worker-zk0cqret
distributed.worker - INFO - -------------------------------------------------
distributed.worker - INFO -         Registered to:   tcp://10.255.32.50:37411
distributed.worker - INFO - -------------------------------------------------
distributed.core - INFO - Starting established connection
distributed.worker - INFO -         Registered to:   tcp://10.255.32.50:37411
distributed.worker - INFO - -------------------------------------------------
distributed.core - INFO - Starting established connection
distributed.comm.tcp - INFO - Connection closed before handshake completed
distributed.comm.tcp - INFO - Connection closed before handshake completed
distributed.worker - INFO - Stopping worker at tcp://10.255.34.180:33588
distributed.worker - INFO - Stopping worker at tcp://10.255.34.180:34163
distributed.nanny - INFO - Worker closed
distributed.nanny - INFO - Worker closed
distributed.worker - INFO -       Start worker at:  tcp://10.255.34.180:35529
distributed.worker - INFO -          Listening to:  tcp://10.255.34.180:35529
distributed.worker - INFO -          dashboard at:        10.255.34.180:39858
distributed.worker - INFO - Waiting to connect to:   tcp://10.255.32.50:37411
distributed.worker - INFO - -------------------------------------------------
distributed.worker - INFO -               Threads:                          1
distributed.worker - INFO -                Memory:                  384.00 GB
distributed.worker - INFO -       Local Directory: /scratch/dask-worker-space/worker-4bqlzg5w
distributed.worker - INFO - -------------------------------------------------
distributed.worker - INFO -         Registered to:   tcp://10.255.32.50:37411
distributed.worker - INFO - -------------------------------------------------
distributed.core - INFO - Starting established connection
distributed.worker - INFO -       Start worker at:  tcp://10.255.34.180:38150
distributed.worker - INFO -          Listening to:  tcp://10.255.34.180:38150
distributed.worker - INFO -          dashboard at:        10.255.34.180:39776
distributed.worker - INFO - Waiting to connect to:   tcp://10.255.32.50:37411
distributed.worker - INFO - -------------------------------------------------
distributed.worker - INFO -               Threads:                          1
distributed.worker - INFO -                Memory:                  384.00 GB
distributed.worker - INFO -       Local Directory: /scratch/dask-worker-space/worker-g9_92qyn
distributed.worker - INFO - -------------------------------------------------
distributed.worker - INFO -         Registered to:   tcp://10.255.32.50:37411
distributed.worker - INFO - -------------------------------------------------
distributed.core - INFO - Starting established connection
slurmstepd: error: *** JOB 5318257 ON max-exfl254 CANCELLED AT 2020-08-19T16:52:59 ***
distributed.dask_worker - INFO - Exiting on signal 15
distributed.nanny - INFO - Closing Nanny at 'tcp://10.255.34.180:37117'
distributed.nanny - INFO - Closing Nanny at 'tcp://10.255.34.180:37129'
distributed.nanny - INFO - Worker process 217840 was killed by signal 15
distributed.nanny - INFO - Worker process 217844 was killed by signal 15
